2025-11-19 00:14:32.326 [SpringApplicationShutdownHook] INFO  o.s.b.w.e.tomcat.GracefulShutdown - Commencing graceful shutdown. Waiting for active requests to complete
2025-11-19 00:14:32.379 [tomcat-shutdown] INFO  o.s.b.w.e.tomcat.GracefulShutdown - Graceful shutdown complete
2025-11-19 00:14:32.414 [SpringApplicationShutdownHook] INFO  com.zaxxer.hikari.HikariDataSource - HikariPool-1 - Shutdown initiated...
2025-11-19 00:14:32.430 [SpringApplicationShutdownHook] INFO  com.zaxxer.hikari.HikariDataSource - HikariPool-1 - Shutdown completed.
2025-11-19 00:14:37.843 [main] INFO  o.e.TliasWebManagementApplication - Starting TliasWebManagementApplication using Java 23.0.2 with PID 27624 (D:\Coding Projects\javaweb\tlias-web-management\target\classes started by 30428 in D:\Coding Projects\javaweb\tlias-web-management)
2025-11-19 00:14:37.846 [main] INFO  o.e.TliasWebManagementApplication - No active profile set, falling back to 1 default profile: "default"
2025-11-19 00:14:39.541 [main] INFO  o.s.b.w.e.tomcat.TomcatWebServer - Tomcat initialized with port 8080 (http)
2025-11-19 00:14:39.577 [main] INFO  o.a.coyote.http11.Http11NioProtocol - Initializing ProtocolHandler ["http-nio-8080"]
2025-11-19 00:14:39.580 [main] INFO  o.a.catalina.core.StandardService - Starting service [Tomcat]
2025-11-19 00:14:39.581 [main] INFO  o.a.catalina.core.StandardEngine - Starting Servlet engine: [Apache Tomcat/10.1.48]
2025-11-19 00:14:39.661 [main] INFO  o.a.c.c.C.[Tomcat].[localhost].[/] - Initializing Spring embedded WebApplicationContext
2025-11-19 00:14:39.661 [main] INFO  o.s.b.w.s.c.ServletWebServerApplicationContext - Root WebApplicationContext: initialization completed in 1753 ms
2025-11-19 00:14:40.801 [main] INFO  o.s.b.a.e.web.EndpointLinksResolver - Exposing 1 endpoint beneath base path '/actuator'
2025-11-19 00:14:40.877 [main] INFO  o.a.coyote.http11.Http11NioProtocol - Starting ProtocolHandler ["http-nio-8080"]
2025-11-19 00:14:40.902 [main] INFO  o.s.b.w.e.tomcat.TomcatWebServer - Tomcat started on port 8080 (http) with context path '/'
2025-11-19 00:14:40.916 [main] INFO  o.e.TliasWebManagementApplication - Started TliasWebManagementApplication in 3.646 seconds (process running for 5.288)
2025-11-19 00:14:41.817 [RMI TCP Connection(4)-192.168.43.254] INFO  o.a.c.c.C.[Tomcat].[localhost].[/] - Initializing Spring DispatcherServlet 'dispatcherServlet'
2025-11-19 00:14:41.818 [RMI TCP Connection(4)-192.168.43.254] INFO  o.s.web.servlet.DispatcherServlet - Initializing Servlet 'dispatcherServlet'
2025-11-19 00:14:41.826 [RMI TCP Connection(4)-192.168.43.254] INFO  o.s.web.servlet.DispatcherServlet - Completed initialization in 8 ms
2025-11-19 00:14:41.852 [RMI TCP Connection(5)-192.168.43.254] INFO  com.zaxxer.hikari.HikariDataSource - HikariPool-1 - Starting...
2025-11-19 00:14:42.927 [RMI TCP Connection(5)-192.168.43.254] INFO  com.zaxxer.hikari.pool.HikariPool - HikariPool-1 - Added connection com.mysql.cj.jdbc.ConnectionImpl@7f6125c
2025-11-19 00:14:42.931 [RMI TCP Connection(5)-192.168.43.254] INFO  com.zaxxer.hikari.HikariDataSource - HikariPool-1 - Start completed.
2025-11-19 00:14:56.717 [http-nio-8080-exec-1] INFO  o.example.controller.DeptController - 查询全部部门数据
2025-11-19 00:14:56.732 [http-nio-8080-exec-2] INFO  o.example.controller.EmpController - 查询所有员工信息1,10
2025-11-19 00:15:02.252 [http-nio-8080-exec-3] INFO  o.example.controller.EmpController - 查询所有员工信息2,10
2025-11-19 00:15:03.512 [http-nio-8080-exec-4] INFO  o.example.controller.EmpController - 查询所有员工信息3,10
2025-11-19 00:15:05.397 [http-nio-8080-exec-5] INFO  o.example.controller.EmpController - 查询所有员工信息2,10
2025-11-19 00:15:06.359 [http-nio-8080-exec-6] INFO  o.example.controller.EmpController - 查询所有员工信息1,10
2025-11-19 00:15:09.131 [http-nio-8080-exec-7] INFO  o.example.controller.EmpController - 查询所有员工信息3,10
2025-11-19 00:39:08.019 [SpringApplicationShutdownHook] INFO  o.s.b.w.e.tomcat.GracefulShutdown - Commencing graceful shutdown. Waiting for active requests to complete
2025-11-19 00:39:08.253 [tomcat-shutdown] INFO  o.s.b.w.e.tomcat.GracefulShutdown - Graceful shutdown complete
2025-11-19 00:39:08.266 [SpringApplicationShutdownHook] INFO  com.zaxxer.hikari.HikariDataSource - HikariPool-1 - Shutdown initiated...
2025-11-19 00:39:08.287 [SpringApplicationShutdownHook] INFO  com.zaxxer.hikari.HikariDataSource - HikariPool-1 - Shutdown completed.
2025-11-19 00:39:17.288 [main] INFO  o.e.TliasWebManagementApplication - Starting TliasWebManagementApplication using Java 23.0.2 with PID 6440 (D:\Coding Projects\javaweb\tlias-web-management\target\classes started by 30428 in D:\Coding Projects\javaweb\tlias-web-management)
2025-11-19 00:39:17.289 [main] INFO  o.e.TliasWebManagementApplication - No active profile set, falling back to 1 default profile: "default"
2025-11-19 00:39:18.835 [main] INFO  o.s.b.w.e.tomcat.TomcatWebServer - Tomcat initialized with port 8080 (http)
2025-11-19 00:39:18.856 [main] INFO  o.a.coyote.http11.Http11NioProtocol - Initializing ProtocolHandler ["http-nio-8080"]
2025-11-19 00:39:18.858 [main] INFO  o.a.catalina.core.StandardService - Starting service [Tomcat]
2025-11-19 00:39:18.860 [main] INFO  o.a.catalina.core.StandardEngine - Starting Servlet engine: [Apache Tomcat/10.1.48]
2025-11-19 00:39:18.930 [main] INFO  o.a.c.c.C.[Tomcat].[localhost].[/] - Initializing Spring embedded WebApplicationContext
2025-11-19 00:39:18.930 [main] INFO  o.s.b.w.s.c.ServletWebServerApplicationContext - Root WebApplicationContext: initialization completed in 1579 ms
2025-11-19 00:39:19.935 [main] INFO  o.s.b.a.e.web.EndpointLinksResolver - Exposing 1 endpoint beneath base path '/actuator'
2025-11-19 00:39:20.016 [main] INFO  o.a.coyote.http11.Http11NioProtocol - Starting ProtocolHandler ["http-nio-8080"]
2025-11-19 00:39:20.039 [main] INFO  o.s.b.w.e.tomcat.TomcatWebServer - Tomcat started on port 8080 (http) with context path '/'
2025-11-19 00:39:20.054 [main] INFO  o.e.TliasWebManagementApplication - Started TliasWebManagementApplication in 3.322 seconds (process running for 4.896)
2025-11-19 00:39:20.991 [RMI TCP Connection(1)-192.168.43.254] INFO  o.a.c.c.C.[Tomcat].[localhost].[/] - Initializing Spring DispatcherServlet 'dispatcherServlet'
2025-11-19 00:39:20.991 [RMI TCP Connection(1)-192.168.43.254] INFO  o.s.web.servlet.DispatcherServlet - Initializing Servlet 'dispatcherServlet'
2025-11-19 00:39:20.994 [RMI TCP Connection(1)-192.168.43.254] INFO  o.s.web.servlet.DispatcherServlet - Completed initialization in 2 ms
2025-11-19 00:39:21.053 [RMI TCP Connection(2)-192.168.43.254] INFO  com.zaxxer.hikari.HikariDataSource - HikariPool-1 - Starting...
2025-11-19 00:39:22.516 [RMI TCP Connection(2)-192.168.43.254] INFO  com.zaxxer.hikari.pool.HikariPool - HikariPool-1 - Added connection com.mysql.cj.jdbc.ConnectionImpl@7df3c877
2025-11-19 00:39:22.530 [RMI TCP Connection(2)-192.168.43.254] INFO  com.zaxxer.hikari.HikariDataSource - HikariPool-1 - Start completed.
2025-11-19 00:39:29.417 [http-nio-8080-exec-1] INFO  o.example.controller.EmpController - 查询所有员工信息1,5
2025-11-19 00:40:09.957 [http-nio-8080-exec-3] INFO  o.example.controller.EmpController - 查询所有员工信息1,10
2025-11-19 00:40:09.958 [http-nio-8080-exec-4] INFO  o.example.controller.DeptController - 查询全部部门数据
2025-11-19 00:40:13.221 [http-nio-8080-exec-5] INFO  o.example.controller.EmpController - 查询所有员工信息3,10
2025-11-19 00:40:15.487 [http-nio-8080-exec-6] INFO  o.example.controller.EmpController - 查询所有员工信息2,10
2025-11-19 00:40:16.841 [http-nio-8080-exec-7] INFO  o.example.controller.EmpController - 查询所有员工信息1,10
2025-11-19 00:40:25.809 [http-nio-8080-exec-8] INFO  o.example.controller.EmpController - 查询所有员工信息1,10
2025-11-19 00:40:25.809 [http-nio-8080-exec-9] INFO  o.example.controller.DeptController - 查询全部部门数据
2025-11-19 00:43:18.425 [SpringApplicationShutdownHook] INFO  o.s.b.w.e.tomcat.GracefulShutdown - Commencing graceful shutdown. Waiting for active requests to complete
2025-11-19 00:43:18.448 [tomcat-shutdown] INFO  o.s.b.w.e.tomcat.GracefulShutdown - Graceful shutdown complete
2025-11-19 00:43:18.456 [SpringApplicationShutdownHook] INFO  com.zaxxer.hikari.HikariDataSource - HikariPool-1 - Shutdown initiated...
2025-11-19 00:43:18.467 [SpringApplicationShutdownHook] INFO  com.zaxxer.hikari.HikariDataSource - HikariPool-1 - Shutdown completed.
2025-11-19 17:09:30.476 [main] INFO  o.e.TliasWebManagementApplication - Starting TliasWebManagementApplication using Java 23.0.2 with PID 30292 (D:\Coding Projects\javaweb\tlias-web-management\target\classes started by 30428 in D:\Coding Projects\javaweb\tlias-web-management)
2025-11-19 17:09:30.479 [main] INFO  o.e.TliasWebManagementApplication - No active profile set, falling back to 1 default profile: "default"
2025-11-19 17:09:32.196 [main] INFO  o.s.b.w.e.tomcat.TomcatWebServer - Tomcat initialized with port 8080 (http)
2025-11-19 17:09:32.216 [main] INFO  o.a.coyote.http11.Http11NioProtocol - Initializing ProtocolHandler ["http-nio-8080"]
2025-11-19 17:09:32.218 [main] INFO  o.a.catalina.core.StandardService - Starting service [Tomcat]
2025-11-19 17:09:32.218 [main] INFO  o.a.catalina.core.StandardEngine - Starting Servlet engine: [Apache Tomcat/10.1.48]
2025-11-19 17:09:32.285 [main] INFO  o.a.c.c.C.[Tomcat].[localhost].[/] - Initializing Spring embedded WebApplicationContext
2025-11-19 17:09:32.285 [main] INFO  o.s.b.w.s.c.ServletWebServerApplicationContext - Root WebApplicationContext: initialization completed in 1717 ms
2025-11-19 17:09:33.301 [main] INFO  o.s.b.a.e.web.EndpointLinksResolver - Exposing 1 endpoint beneath base path '/actuator'
2025-11-19 17:09:33.367 [main] INFO  o.a.coyote.http11.Http11NioProtocol - Starting ProtocolHandler ["http-nio-8080"]
2025-11-19 17:09:33.388 [main] INFO  o.s.b.w.e.tomcat.TomcatWebServer - Tomcat started on port 8080 (http) with context path '/'
2025-11-19 17:09:33.402 [main] INFO  o.e.TliasWebManagementApplication - Started TliasWebManagementApplication in 3.5 seconds (process running for 4.826)
2025-11-19 17:09:33.770 [RMI TCP Connection(2)-192.168.21.30] INFO  o.a.c.c.C.[Tomcat].[localhost].[/] - Initializing Spring DispatcherServlet 'dispatcherServlet'
2025-11-19 17:09:33.770 [RMI TCP Connection(2)-192.168.21.30] INFO  o.s.web.servlet.DispatcherServlet - Initializing Servlet 'dispatcherServlet'
2025-11-19 17:09:33.773 [RMI TCP Connection(2)-192.168.21.30] INFO  o.s.web.servlet.DispatcherServlet - Completed initialization in 2 ms
2025-11-19 17:09:33.779 [RMI TCP Connection(3)-192.168.21.30] INFO  com.zaxxer.hikari.HikariDataSource - HikariPool-1 - Starting...
2025-11-19 17:09:34.404 [RMI TCP Connection(3)-192.168.21.30] INFO  com.zaxxer.hikari.pool.HikariPool - HikariPool-1 - Added connection com.mysql.cj.jdbc.ConnectionImpl@5038b9b3
2025-11-19 17:09:34.407 [RMI TCP Connection(3)-192.168.21.30] INFO  com.zaxxer.hikari.HikariDataSource - HikariPool-1 - Start completed.
2025-11-19 17:10:56.679 [http-nio-8080-exec-1] INFO  o.example.controller.EmpController - 查询所有员工信息1,5,阮,1,2010-01-01,2020-01-01
2025-11-19 17:10:56.690 [http-nio-8080-exec-1] ERROR o.a.c.c.C.[.[.[.[dispatcherServlet] - Servlet.service() for servlet [dispatcherServlet] in context with path [] threw exception [Request processing failed: org.apache.ibatis.binding.BindingException: Invalid bound statement (not found): org.example.mapper.EmpMapper.list] with root cause
org.apache.ibatis.binding.BindingException: Invalid bound statement (not found): org.example.mapper.EmpMapper.list
	at org.apache.ibatis.binding.MapperMethod$SqlCommand.<init>(MapperMethod.java:229)
	at org.apache.ibatis.binding.MapperMethod.<init>(MapperMethod.java:53)
	at org.apache.ibatis.binding.MapperProxy.lambda$cachedInvoker$0(MapperProxy.java:96)
	at java.base/java.util.concurrent.ConcurrentHashMap.computeIfAbsent(ConcurrentHashMap.java:1713)
	at org.apache.ibatis.util.MapUtil.computeIfAbsent(MapUtil.java:36)
	at org.apache.ibatis.binding.MapperProxy.cachedInvoker(MapperProxy.java:94)
	at org.apache.ibatis.binding.MapperProxy.invoke(MapperProxy.java:86)
	at jdk.proxy2/jdk.proxy2.$Proxy94.list(Unknown Source)
	at org.example.service.impl.EmpServiceImpl.page(EmpServiceImpl.java:45)
	at org.example.controller.EmpController.page(EmpController.java:32)
	at java.base/jdk.internal.reflect.DirectMethodHandleAccessor.invoke(DirectMethodHandleAccessor.java:103)
	at java.base/java.lang.reflect.Method.invoke(Method.java:580)
	at org.springframework.web.method.support.InvocableHandlerMethod.doInvoke(InvocableHandlerMethod.java:258)
	at org.springframework.web.method.support.InvocableHandlerMethod.invokeForRequest(InvocableHandlerMethod.java:191)
	at org.springframework.web.servlet.mvc.method.annotation.ServletInvocableHandlerMethod.invokeAndHandle(ServletInvocableHandlerMethod.java:118)
	at org.springframework.web.servlet.mvc.method.annotation.RequestMappingHandlerAdapter.invokeHandlerMethod(RequestMappingHandlerAdapter.java:991)
	at org.springframework.web.servlet.mvc.method.annotation.RequestMappingHandlerAdapter.handleInternal(RequestMappingHandlerAdapter.java:896)
	at org.springframework.web.servlet.mvc.method.AbstractHandlerMethodAdapter.handle(AbstractHandlerMethodAdapter.java:87)
	at org.springframework.web.servlet.DispatcherServlet.doDispatch(DispatcherServlet.java:1089)
	at org.springframework.web.servlet.DispatcherServlet.doService(DispatcherServlet.java:979)
	at org.springframework.web.servlet.FrameworkServlet.processRequest(FrameworkServlet.java:1014)
	at org.springframework.web.servlet.FrameworkServlet.doGet(FrameworkServlet.java:903)
	at jakarta.servlet.http.HttpServlet.service(HttpServlet.java:564)
	at org.springframework.web.servlet.FrameworkServlet.service(FrameworkServlet.java:885)
	at jakarta.servlet.http.HttpServlet.service(HttpServlet.java:658)
	at org.apache.catalina.core.ApplicationFilterChain.internalDoFilter(ApplicationFilterChain.java:193)
	at org.apache.catalina.core.ApplicationFilterChain.doFilter(ApplicationFilterChain.java:138)
	at org.apache.tomcat.websocket.server.WsFilter.doFilter(WsFilter.java:51)
	at org.apache.catalina.core.ApplicationFilterChain.internalDoFilter(ApplicationFilterChain.java:162)
	at org.apache.catalina.core.ApplicationFilterChain.doFilter(ApplicationFilterChain.java:138)
	at org.springframework.web.filter.RequestContextFilter.doFilterInternal(RequestContextFilter.java:100)
	at org.springframework.web.filter.OncePerRequestFilter.doFilter(OncePerRequestFilter.java:116)
	at org.apache.catalina.core.ApplicationFilterChain.internalDoFilter(ApplicationFilterChain.java:162)
	at org.apache.catalina.core.ApplicationFilterChain.doFilter(ApplicationFilterChain.java:138)
	at org.springframework.web.filter.FormContentFilter.doFilterInternal(FormContentFilter.java:93)
	at org.springframework.web.filter.OncePerRequestFilter.doFilter(OncePerRequestFilter.java:116)
	at org.apache.catalina.core.ApplicationFilterChain.internalDoFilter(ApplicationFilterChain.java:162)
	at org.apache.catalina.core.ApplicationFilterChain.doFilter(ApplicationFilterChain.java:138)
	at org.springframework.web.filter.ServerHttpObservationFilter.doFilterInternal(ServerHttpObservationFilter.java:110)
	at org.springframework.web.filter.OncePerRequestFilter.doFilter(OncePerRequestFilter.java:116)
	at org.apache.catalina.core.ApplicationFilterChain.internalDoFilter(ApplicationFilterChain.java:162)
	at org.apache.catalina.core.ApplicationFilterChain.doFilter(ApplicationFilterChain.java:138)
	at org.springframework.web.filter.CharacterEncodingFilter.doFilterInternal(CharacterEncodingFilter.java:201)
	at org.springframework.web.filter.OncePerRequestFilter.doFilter(OncePerRequestFilter.java:116)
	at org.apache.catalina.core.ApplicationFilterChain.internalDoFilter(ApplicationFilterChain.java:162)
	at org.apache.catalina.core.ApplicationFilterChain.doFilter(ApplicationFilterChain.java:138)
	at org.apache.catalina.core.StandardWrapperValve.invoke(StandardWrapperValve.java:165)
	at org.apache.catalina.core.StandardContextValve.invoke(StandardContextValve.java:88)
	at org.apache.catalina.authenticator.AuthenticatorBase.invoke(AuthenticatorBase.java:482)
	at org.apache.catalina.core.StandardHostValve.invoke(StandardHostValve.java:113)
	at org.apache.catalina.valves.ErrorReportValve.invoke(ErrorReportValve.java:83)
	at org.apache.catalina.core.StandardEngineValve.invoke(StandardEngineValve.java:72)
	at org.apache.catalina.connector.CoyoteAdapter.service(CoyoteAdapter.java:342)
	at org.apache.coyote.http11.Http11Processor.service(Http11Processor.java:399)
	at org.apache.coyote.AbstractProcessorLight.process(AbstractProcessorLight.java:63)
	at org.apache.coyote.AbstractProtocol$ConnectionHandler.process(AbstractProtocol.java:903)
	at org.apache.tomcat.util.net.NioEndpoint$SocketProcessor.doRun(NioEndpoint.java:1774)
	at org.apache.tomcat.util.net.SocketProcessorBase.run(SocketProcessorBase.java:52)
	at org.apache.tomcat.util.threads.ThreadPoolExecutor.runWorker(ThreadPoolExecutor.java:973)
	at org.apache.tomcat.util.threads.ThreadPoolExecutor$Worker.run(ThreadPoolExecutor.java:491)
	at org.apache.tomcat.util.threads.TaskThread$WrappingRunnable.run(TaskThread.java:63)
	at java.base/java.lang.Thread.run(Thread.java:1575)
2025-11-19 17:11:46.742 [http-nio-8080-exec-4] INFO  o.example.controller.EmpController - 查询所有员工信息1,5,阮,1,2010-01-01,2020-01-01
2025-11-19 17:11:46.743 [http-nio-8080-exec-4] ERROR o.a.c.c.C.[.[.[.[dispatcherServlet] - Servlet.service() for servlet [dispatcherServlet] in context with path [] threw exception [Request processing failed: org.apache.ibatis.binding.BindingException: Invalid bound statement (not found): org.example.mapper.EmpMapper.list] with root cause
org.apache.ibatis.binding.BindingException: Invalid bound statement (not found): org.example.mapper.EmpMapper.list
	at org.apache.ibatis.binding.MapperMethod$SqlCommand.<init>(MapperMethod.java:229)
	at org.apache.ibatis.binding.MapperMethod.<init>(MapperMethod.java:53)
	at org.apache.ibatis.binding.MapperProxy.lambda$cachedInvoker$0(MapperProxy.java:96)
	at java.base/java.util.concurrent.ConcurrentHashMap.computeIfAbsent(ConcurrentHashMap.java:1713)
	at org.apache.ibatis.util.MapUtil.computeIfAbsent(MapUtil.java:36)
	at org.apache.ibatis.binding.MapperProxy.cachedInvoker(MapperProxy.java:94)
	at org.apache.ibatis.binding.MapperProxy.invoke(MapperProxy.java:86)
	at jdk.proxy2/jdk.proxy2.$Proxy94.list(Unknown Source)
	at org.example.service.impl.EmpServiceImpl.page(EmpServiceImpl.java:45)
	at org.example.controller.EmpController.page(EmpController.java:32)
	at java.base/jdk.internal.reflect.DirectMethodHandleAccessor.invoke(DirectMethodHandleAccessor.java:103)
	at java.base/java.lang.reflect.Method.invoke(Method.java:580)
	at org.springframework.web.method.support.InvocableHandlerMethod.doInvoke(InvocableHandlerMethod.java:258)
	at org.springframework.web.method.support.InvocableHandlerMethod.invokeForRequest(InvocableHandlerMethod.java:191)
	at org.springframework.web.servlet.mvc.method.annotation.ServletInvocableHandlerMethod.invokeAndHandle(ServletInvocableHandlerMethod.java:118)
	at org.springframework.web.servlet.mvc.method.annotation.RequestMappingHandlerAdapter.invokeHandlerMethod(RequestMappingHandlerAdapter.java:991)
	at org.springframework.web.servlet.mvc.method.annotation.RequestMappingHandlerAdapter.handleInternal(RequestMappingHandlerAdapter.java:896)
	at org.springframework.web.servlet.mvc.method.AbstractHandlerMethodAdapter.handle(AbstractHandlerMethodAdapter.java:87)
	at org.springframework.web.servlet.DispatcherServlet.doDispatch(DispatcherServlet.java:1089)
	at org.springframework.web.servlet.DispatcherServlet.doService(DispatcherServlet.java:979)
	at org.springframework.web.servlet.FrameworkServlet.processRequest(FrameworkServlet.java:1014)
	at org.springframework.web.servlet.FrameworkServlet.doGet(FrameworkServlet.java:903)
	at jakarta.servlet.http.HttpServlet.service(HttpServlet.java:564)
	at org.springframework.web.servlet.FrameworkServlet.service(FrameworkServlet.java:885)
	at jakarta.servlet.http.HttpServlet.service(HttpServlet.java:658)
	at org.apache.catalina.core.ApplicationFilterChain.internalDoFilter(ApplicationFilterChain.java:193)
	at org.apache.catalina.core.ApplicationFilterChain.doFilter(ApplicationFilterChain.java:138)
	at org.apache.tomcat.websocket.server.WsFilter.doFilter(WsFilter.java:51)
	at org.apache.catalina.core.ApplicationFilterChain.internalDoFilter(ApplicationFilterChain.java:162)
	at org.apache.catalina.core.ApplicationFilterChain.doFilter(ApplicationFilterChain.java:138)
	at org.springframework.web.filter.RequestContextFilter.doFilterInternal(RequestContextFilter.java:100)
	at org.springframework.web.filter.OncePerRequestFilter.doFilter(OncePerRequestFilter.java:116)
	at org.apache.catalina.core.ApplicationFilterChain.internalDoFilter(ApplicationFilterChain.java:162)
	at org.apache.catalina.core.ApplicationFilterChain.doFilter(ApplicationFilterChain.java:138)
	at org.springframework.web.filter.FormContentFilter.doFilterInternal(FormContentFilter.java:93)
	at org.springframework.web.filter.OncePerRequestFilter.doFilter(OncePerRequestFilter.java:116)
	at org.apache.catalina.core.ApplicationFilterChain.internalDoFilter(ApplicationFilterChain.java:162)
	at org.apache.catalina.core.ApplicationFilterChain.doFilter(ApplicationFilterChain.java:138)
	at org.springframework.web.filter.ServerHttpObservationFilter.doFilterInternal(ServerHttpObservationFilter.java:110)
	at org.springframework.web.filter.OncePerRequestFilter.doFilter(OncePerRequestFilter.java:116)
	at org.apache.catalina.core.ApplicationFilterChain.internalDoFilter(ApplicationFilterChain.java:162)
	at org.apache.catalina.core.ApplicationFilterChain.doFilter(ApplicationFilterChain.java:138)
	at org.springframework.web.filter.CharacterEncodingFilter.doFilterInternal(CharacterEncodingFilter.java:201)
	at org.springframework.web.filter.OncePerRequestFilter.doFilter(OncePerRequestFilter.java:116)
	at org.apache.catalina.core.ApplicationFilterChain.internalDoFilter(ApplicationFilterChain.java:162)
	at org.apache.catalina.core.ApplicationFilterChain.doFilter(ApplicationFilterChain.java:138)
	at org.apache.catalina.core.StandardWrapperValve.invoke(StandardWrapperValve.java:165)
	at org.apache.catalina.core.StandardContextValve.invoke(StandardContextValve.java:88)
	at org.apache.catalina.authenticator.AuthenticatorBase.invoke(AuthenticatorBase.java:482)
	at org.apache.catalina.core.StandardHostValve.invoke(StandardHostValve.java:113)
	at org.apache.catalina.valves.ErrorReportValve.invoke(ErrorReportValve.java:83)
	at org.apache.catalina.core.StandardEngineValve.invoke(StandardEngineValve.java:72)
	at org.apache.catalina.connector.CoyoteAdapter.service(CoyoteAdapter.java:342)
	at org.apache.coyote.http11.Http11Processor.service(Http11Processor.java:399)
	at org.apache.coyote.AbstractProcessorLight.process(AbstractProcessorLight.java:63)
	at org.apache.coyote.AbstractProtocol$ConnectionHandler.process(AbstractProtocol.java:903)
	at org.apache.tomcat.util.net.NioEndpoint$SocketProcessor.doRun(NioEndpoint.java:1774)
	at org.apache.tomcat.util.net.SocketProcessorBase.run(SocketProcessorBase.java:52)
	at org.apache.tomcat.util.threads.ThreadPoolExecutor.runWorker(ThreadPoolExecutor.java:973)
	at org.apache.tomcat.util.threads.ThreadPoolExecutor$Worker.run(ThreadPoolExecutor.java:491)
	at org.apache.tomcat.util.threads.TaskThread$WrappingRunnable.run(TaskThread.java:63)
	at java.base/java.lang.Thread.run(Thread.java:1575)
2025-11-19 17:16:29.928 [SpringApplicationShutdownHook] INFO  o.s.b.w.e.tomcat.GracefulShutdown - Commencing graceful shutdown. Waiting for active requests to complete
2025-11-19 17:16:29.950 [tomcat-shutdown] INFO  o.s.b.w.e.tomcat.GracefulShutdown - Graceful shutdown complete
2025-11-19 17:16:29.955 [SpringApplicationShutdownHook] INFO  com.zaxxer.hikari.HikariDataSource - HikariPool-1 - Shutdown initiated...
2025-11-19 17:16:29.965 [SpringApplicationShutdownHook] INFO  com.zaxxer.hikari.HikariDataSource - HikariPool-1 - Shutdown completed.
2025-11-19 17:16:33.154 [main] INFO  o.e.TliasWebManagementApplication - Starting TliasWebManagementApplication using Java 23.0.2 with PID 5848 (D:\Coding Projects\javaweb\tlias-web-management\target\classes started by 30428 in D:\Coding Projects\javaweb\tlias-web-management)
2025-11-19 17:16:33.156 [main] INFO  o.e.TliasWebManagementApplication - No active profile set, falling back to 1 default profile: "default"
2025-11-19 17:16:34.706 [main] INFO  o.s.b.w.e.tomcat.TomcatWebServer - Tomcat initialized with port 8080 (http)
2025-11-19 17:16:34.720 [main] INFO  o.a.coyote.http11.Http11NioProtocol - Initializing ProtocolHandler ["http-nio-8080"]
2025-11-19 17:16:34.723 [main] INFO  o.a.catalina.core.StandardService - Starting service [Tomcat]
2025-11-19 17:16:34.723 [main] INFO  o.a.catalina.core.StandardEngine - Starting Servlet engine: [Apache Tomcat/10.1.48]
2025-11-19 17:16:34.780 [main] INFO  o.a.c.c.C.[Tomcat].[localhost].[/] - Initializing Spring embedded WebApplicationContext
2025-11-19 17:16:34.780 [main] INFO  o.s.b.w.s.c.ServletWebServerApplicationContext - Root WebApplicationContext: initialization completed in 1539 ms
2025-11-19 17:16:35.646 [main] INFO  o.s.b.a.e.web.EndpointLinksResolver - Exposing 1 endpoint beneath base path '/actuator'
2025-11-19 17:16:35.708 [main] INFO  o.a.coyote.http11.Http11NioProtocol - Starting ProtocolHandler ["http-nio-8080"]
2025-11-19 17:16:35.728 [main] INFO  o.s.b.w.e.tomcat.TomcatWebServer - Tomcat started on port 8080 (http) with context path '/'
2025-11-19 17:16:35.741 [main] INFO  o.e.TliasWebManagementApplication - Started TliasWebManagementApplication in 3.147 seconds (process running for 4.375)
2025-11-19 17:16:36.176 [RMI TCP Connection(3)-192.168.21.30] INFO  o.a.c.c.C.[Tomcat].[localhost].[/] - Initializing Spring DispatcherServlet 'dispatcherServlet'
2025-11-19 17:16:36.176 [RMI TCP Connection(3)-192.168.21.30] INFO  o.s.web.servlet.DispatcherServlet - Initializing Servlet 'dispatcherServlet'
2025-11-19 17:16:36.166 [RMI TCP Connection(4)-192.168.21.30] INFO  com.zaxxer.hikari.HikariDataSource - HikariPool-1 - Starting...
2025-11-19 17:16:36.179 [RMI TCP Connection(3)-192.168.21.30] INFO  o.s.web.servlet.DispatcherServlet - Completed initialization in 2 ms
2025-11-19 17:16:36.687 [RMI TCP Connection(4)-192.168.21.30] INFO  com.zaxxer.hikari.pool.HikariPool - HikariPool-1 - Added connection com.mysql.cj.jdbc.ConnectionImpl@39ae104c
2025-11-19 17:16:36.691 [RMI TCP Connection(4)-192.168.21.30] INFO  com.zaxxer.hikari.HikariDataSource - HikariPool-1 - Start completed.
2025-11-19 17:16:47.991 [http-nio-8080-exec-1] INFO  o.example.controller.EmpController - 查询所有员工信息1,5,阮,1,2010-01-01,2020-01-01
2025-11-19 17:16:48.002 [http-nio-8080-exec-1] ERROR o.a.c.c.C.[.[.[.[dispatcherServlet] - Servlet.service() for servlet [dispatcherServlet] in context with path [] threw exception [Request processing failed: org.apache.ibatis.binding.BindingException: Invalid bound statement (not found): org.example.mapper.EmpMapper.list] with root cause
org.apache.ibatis.binding.BindingException: Invalid bound statement (not found): org.example.mapper.EmpMapper.list
	at org.apache.ibatis.binding.MapperMethod$SqlCommand.<init>(MapperMethod.java:229)
	at org.apache.ibatis.binding.MapperMethod.<init>(MapperMethod.java:53)
	at org.apache.ibatis.binding.MapperProxy.lambda$cachedInvoker$0(MapperProxy.java:96)
	at java.base/java.util.concurrent.ConcurrentHashMap.computeIfAbsent(ConcurrentHashMap.java:1713)
	at org.apache.ibatis.util.MapUtil.computeIfAbsent(MapUtil.java:36)
	at org.apache.ibatis.binding.MapperProxy.cachedInvoker(MapperProxy.java:94)
	at org.apache.ibatis.binding.MapperProxy.invoke(MapperProxy.java:86)
	at jdk.proxy2/jdk.proxy2.$Proxy94.list(Unknown Source)
	at org.example.service.impl.EmpServiceImpl.page(EmpServiceImpl.java:45)
	at org.example.controller.EmpController.page(EmpController.java:32)
	at java.base/jdk.internal.reflect.DirectMethodHandleAccessor.invoke(DirectMethodHandleAccessor.java:103)
	at java.base/java.lang.reflect.Method.invoke(Method.java:580)
	at org.springframework.web.method.support.InvocableHandlerMethod.doInvoke(InvocableHandlerMethod.java:258)
	at org.springframework.web.method.support.InvocableHandlerMethod.invokeForRequest(InvocableHandlerMethod.java:191)
	at org.springframework.web.servlet.mvc.method.annotation.ServletInvocableHandlerMethod.invokeAndHandle(ServletInvocableHandlerMethod.java:118)
	at org.springframework.web.servlet.mvc.method.annotation.RequestMappingHandlerAdapter.invokeHandlerMethod(RequestMappingHandlerAdapter.java:991)
	at org.springframework.web.servlet.mvc.method.annotation.RequestMappingHandlerAdapter.handleInternal(RequestMappingHandlerAdapter.java:896)
	at org.springframework.web.servlet.mvc.method.AbstractHandlerMethodAdapter.handle(AbstractHandlerMethodAdapter.java:87)
	at org.springframework.web.servlet.DispatcherServlet.doDispatch(DispatcherServlet.java:1089)
	at org.springframework.web.servlet.DispatcherServlet.doService(DispatcherServlet.java:979)
	at org.springframework.web.servlet.FrameworkServlet.processRequest(FrameworkServlet.java:1014)
	at org.springframework.web.servlet.FrameworkServlet.doGet(FrameworkServlet.java:903)
	at jakarta.servlet.http.HttpServlet.service(HttpServlet.java:564)
	at org.springframework.web.servlet.FrameworkServlet.service(FrameworkServlet.java:885)
	at jakarta.servlet.http.HttpServlet.service(HttpServlet.java:658)
	at org.apache.catalina.core.ApplicationFilterChain.internalDoFilter(ApplicationFilterChain.java:193)
	at org.apache.catalina.core.ApplicationFilterChain.doFilter(ApplicationFilterChain.java:138)
	at org.apache.tomcat.websocket.server.WsFilter.doFilter(WsFilter.java:51)
	at org.apache.catalina.core.ApplicationFilterChain.internalDoFilter(ApplicationFilterChain.java:162)
	at org.apache.catalina.core.ApplicationFilterChain.doFilter(ApplicationFilterChain.java:138)
	at org.springframework.web.filter.RequestContextFilter.doFilterInternal(RequestContextFilter.java:100)
	at org.springframework.web.filter.OncePerRequestFilter.doFilter(OncePerRequestFilter.java:116)
	at org.apache.catalina.core.ApplicationFilterChain.internalDoFilter(ApplicationFilterChain.java:162)
	at org.apache.catalina.core.ApplicationFilterChain.doFilter(ApplicationFilterChain.java:138)
	at org.springframework.web.filter.FormContentFilter.doFilterInternal(FormContentFilter.java:93)
	at org.springframework.web.filter.OncePerRequestFilter.doFilter(OncePerRequestFilter.java:116)
	at org.apache.catalina.core.ApplicationFilterChain.internalDoFilter(ApplicationFilterChain.java:162)
	at org.apache.catalina.core.ApplicationFilterChain.doFilter(ApplicationFilterChain.java:138)
	at org.springframework.web.filter.ServerHttpObservationFilter.doFilterInternal(ServerHttpObservationFilter.java:110)
	at org.springframework.web.filter.OncePerRequestFilter.doFilter(OncePerRequestFilter.java:116)
	at org.apache.catalina.core.ApplicationFilterChain.internalDoFilter(ApplicationFilterChain.java:162)
	at org.apache.catalina.core.ApplicationFilterChain.doFilter(ApplicationFilterChain.java:138)
	at org.springframework.web.filter.CharacterEncodingFilter.doFilterInternal(CharacterEncodingFilter.java:201)
	at org.springframework.web.filter.OncePerRequestFilter.doFilter(OncePerRequestFilter.java:116)
	at org.apache.catalina.core.ApplicationFilterChain.internalDoFilter(ApplicationFilterChain.java:162)
	at org.apache.catalina.core.ApplicationFilterChain.doFilter(ApplicationFilterChain.java:138)
	at org.apache.catalina.core.StandardWrapperValve.invoke(StandardWrapperValve.java:165)
	at org.apache.catalina.core.StandardContextValve.invoke(StandardContextValve.java:88)
	at org.apache.catalina.authenticator.AuthenticatorBase.invoke(AuthenticatorBase.java:482)
	at org.apache.catalina.core.StandardHostValve.invoke(StandardHostValve.java:113)
	at org.apache.catalina.valves.ErrorReportValve.invoke(ErrorReportValve.java:83)
	at org.apache.catalina.core.StandardEngineValve.invoke(StandardEngineValve.java:72)
	at org.apache.catalina.connector.CoyoteAdapter.service(CoyoteAdapter.java:342)
	at org.apache.coyote.http11.Http11Processor.service(Http11Processor.java:399)
	at org.apache.coyote.AbstractProcessorLight.process(AbstractProcessorLight.java:63)
	at org.apache.coyote.AbstractProtocol$ConnectionHandler.process(AbstractProtocol.java:903)
	at org.apache.tomcat.util.net.NioEndpoint$SocketProcessor.doRun(NioEndpoint.java:1774)
	at org.apache.tomcat.util.net.SocketProcessorBase.run(SocketProcessorBase.java:52)
	at org.apache.tomcat.util.threads.ThreadPoolExecutor.runWorker(ThreadPoolExecutor.java:973)
	at org.apache.tomcat.util.threads.ThreadPoolExecutor$Worker.run(ThreadPoolExecutor.java:491)
	at org.apache.tomcat.util.threads.TaskThread$WrappingRunnable.run(TaskThread.java:63)
	at java.base/java.lang.Thread.run(Thread.java:1575)
2025-11-19 17:23:52.722 [SpringApplicationShutdownHook] INFO  o.s.b.w.e.tomcat.GracefulShutdown - Commencing graceful shutdown. Waiting for active requests to complete
2025-11-19 17:23:52.789 [tomcat-shutdown] INFO  o.s.b.w.e.tomcat.GracefulShutdown - Graceful shutdown complete
2025-11-19 17:23:52.849 [SpringApplicationShutdownHook] INFO  com.zaxxer.hikari.HikariDataSource - HikariPool-1 - Shutdown initiated...
2025-11-19 17:23:52.870 [SpringApplicationShutdownHook] INFO  com.zaxxer.hikari.HikariDataSource - HikariPool-1 - Shutdown completed.
2025-11-19 17:23:58.733 [main] INFO  o.e.TliasWebManagementApplication - Starting TliasWebManagementApplication using Java 23.0.2 with PID 25608 (D:\Coding Projects\javaweb\tlias-web-management\target\classes started by 30428 in D:\Coding Projects\javaweb\tlias-web-management)
2025-11-19 17:23:58.735 [main] INFO  o.e.TliasWebManagementApplication - No active profile set, falling back to 1 default profile: "default"
2025-11-19 17:24:00.243 [main] INFO  o.s.b.w.e.tomcat.TomcatWebServer - Tomcat initialized with port 8080 (http)
2025-11-19 17:24:00.261 [main] INFO  o.a.coyote.http11.Http11NioProtocol - Initializing ProtocolHandler ["http-nio-8080"]
2025-11-19 17:24:00.263 [main] INFO  o.a.catalina.core.StandardService - Starting service [Tomcat]
2025-11-19 17:24:00.263 [main] INFO  o.a.catalina.core.StandardEngine - Starting Servlet engine: [Apache Tomcat/10.1.48]
2025-11-19 17:24:00.326 [main] INFO  o.a.c.c.C.[Tomcat].[localhost].[/] - Initializing Spring embedded WebApplicationContext
2025-11-19 17:24:00.326 [main] INFO  o.s.b.w.s.c.ServletWebServerApplicationContext - Root WebApplicationContext: initialization completed in 1521 ms
2025-11-19 17:24:01.287 [main] INFO  o.s.b.a.e.web.EndpointLinksResolver - Exposing 1 endpoint beneath base path '/actuator'
2025-11-19 17:24:01.358 [main] INFO  o.a.coyote.http11.Http11NioProtocol - Starting ProtocolHandler ["http-nio-8080"]
2025-11-19 17:24:01.381 [main] INFO  o.s.b.w.e.tomcat.TomcatWebServer - Tomcat started on port 8080 (http) with context path '/'
2025-11-19 17:24:01.397 [main] INFO  o.e.TliasWebManagementApplication - Started TliasWebManagementApplication in 3.122 seconds (process running for 4.51)
2025-11-19 17:24:02.423 [RMI TCP Connection(3)-192.168.21.30] INFO  o.a.c.c.C.[Tomcat].[localhost].[/] - Initializing Spring DispatcherServlet 'dispatcherServlet'
2025-11-19 17:24:02.424 [RMI TCP Connection(3)-192.168.21.30] INFO  o.s.web.servlet.DispatcherServlet - Initializing Servlet 'dispatcherServlet'
2025-11-19 17:24:02.423 [RMI TCP Connection(1)-192.168.21.30] INFO  com.zaxxer.hikari.HikariDataSource - HikariPool-1 - Starting...
2025-11-19 17:24:02.426 [RMI TCP Connection(3)-192.168.21.30] INFO  o.s.web.servlet.DispatcherServlet - Completed initialization in 2 ms
2025-11-19 17:24:03.390 [RMI TCP Connection(1)-192.168.21.30] INFO  com.zaxxer.hikari.pool.HikariPool - HikariPool-1 - Added connection com.mysql.cj.jdbc.ConnectionImpl@5655457b
2025-11-19 17:24:03.394 [RMI TCP Connection(1)-192.168.21.30] INFO  com.zaxxer.hikari.HikariDataSource - HikariPool-1 - Start completed.
2025-11-19 17:24:31.180 [http-nio-8080-exec-1] INFO  o.example.controller.EmpController - 查询所有员工信息1,5,阮,1,2010-01-01,2020-01-01
2025-11-19 17:36:07.544 [http-nio-8080-exec-5] INFO  o.example.controller.EmpController - 查询所有员工信息1,10,null,null,null,null
2025-11-19 19:48:37.551 [http-nio-8080-exec-9] INFO  o.example.controller.EmpController - 查询所有员工信息1,10,,null,null,null
2025-11-19 19:48:37.554 [http-nio-8080-exec-8] INFO  o.example.controller.DeptController - 查询全部部门数据
2025-11-19 19:48:44.694 [http-nio-8080-exec-10] INFO  o.example.controller.EmpController - 查询所有员工信息1,20,,null,null,null
2025-11-19 19:48:47.110 [http-nio-8080-exec-2] INFO  o.example.controller.EmpController - 查询所有员工信息1,40,,null,null,null
2025-11-19 19:48:49.224 [http-nio-8080-exec-1] INFO  o.example.controller.EmpController - 查询所有员工信息1,10,,null,null,null
2025-11-19 19:49:02.400 [http-nio-8080-exec-3] INFO  o.example.controller.EmpController - 查询所有员工信息1,10,冲,null,null,null
2025-11-19 19:49:33.042 [http-nio-8080-exec-4] INFO  o.example.controller.EmpController - 查询所有员工信息1,10,冲,1,2010-11-01,2022-12-31
2025-11-19 19:54:06.915 [http-nio-8080-exec-6] INFO  o.example.controller.EmpController - 查询所有员工信息1,10,,null,null,null
2025-11-19 19:54:22.764 [http-nio-8080-exec-5] INFO  o.example.controller.EmpController - 查询所有员工信息1,10,阮,1,null,null
2025-11-19 19:54:26.224 [http-nio-8080-exec-7] INFO  o.example.controller.EmpController - 查询所有员工信息1,10,阮,2,null,null
2025-11-19 19:54:28.786 [http-nio-8080-exec-9] INFO  o.example.controller.EmpController - 查询所有员工信息1,10,阮,1,null,null
2025-11-19 20:15:18.765 [SpringApplicationShutdownHook] INFO  o.s.b.w.e.tomcat.GracefulShutdown - Commencing graceful shutdown. Waiting for active requests to complete
2025-11-19 20:15:18.880 [tomcat-shutdown] INFO  o.s.b.w.e.tomcat.GracefulShutdown - Graceful shutdown complete
2025-11-19 20:15:18.986 [SpringApplicationShutdownHook] INFO  com.zaxxer.hikari.HikariDataSource - HikariPool-1 - Shutdown initiated...
2025-11-19 20:15:19.017 [SpringApplicationShutdownHook] INFO  com.zaxxer.hikari.HikariDataSource - HikariPool-1 - Shutdown completed.
2025-11-19 20:24:16.199 [main] INFO  o.e.TliasWebManagementApplication - Starting TliasWebManagementApplication using Java 23.0.2 with PID 7904 (D:\Coding Projects\javaweb\tlias-web-management\target\classes started by 30428 in D:\Coding Projects\javaweb\tlias-web-management)
2025-11-19 20:24:16.201 [main] INFO  o.e.TliasWebManagementApplication - No active profile set, falling back to 1 default profile: "default"
2025-11-19 20:24:17.674 [main] INFO  o.s.b.w.e.tomcat.TomcatWebServer - Tomcat initialized with port 8080 (http)
2025-11-19 20:24:17.693 [main] INFO  o.a.coyote.http11.Http11NioProtocol - Initializing ProtocolHandler ["http-nio-8080"]
2025-11-19 20:24:17.695 [main] INFO  o.a.catalina.core.StandardService - Starting service [Tomcat]
2025-11-19 20:24:17.695 [main] INFO  o.a.catalina.core.StandardEngine - Starting Servlet engine: [Apache Tomcat/10.1.48]
2025-11-19 20:24:17.764 [main] INFO  o.a.c.c.C.[Tomcat].[localhost].[/] - Initializing Spring embedded WebApplicationContext
2025-11-19 20:24:17.764 [main] INFO  o.s.b.w.s.c.ServletWebServerApplicationContext - Root WebApplicationContext: initialization completed in 1488 ms
2025-11-19 20:24:18.927 [main] INFO  o.s.b.a.e.web.EndpointLinksResolver - Exposing 1 endpoint beneath base path '/actuator'
2025-11-19 20:24:19.011 [main] INFO  o.a.coyote.http11.Http11NioProtocol - Starting ProtocolHandler ["http-nio-8080"]
2025-11-19 20:24:19.035 [main] INFO  o.s.b.w.e.tomcat.TomcatWebServer - Tomcat started on port 8080 (http) with context path '/'
2025-11-19 20:24:19.052 [main] INFO  o.e.TliasWebManagementApplication - Started TliasWebManagementApplication in 3.323 seconds (process running for 4.474)
2025-11-19 20:24:19.905 [RMI TCP Connection(3)-192.168.21.30] INFO  com.zaxxer.hikari.HikariDataSource - HikariPool-1 - Starting...
2025-11-19 20:24:20.076 [RMI TCP Connection(1)-192.168.21.30] INFO  o.a.c.c.C.[Tomcat].[localhost].[/] - Initializing Spring DispatcherServlet 'dispatcherServlet'
2025-11-19 20:24:20.078 [RMI TCP Connection(1)-192.168.21.30] INFO  o.s.web.servlet.DispatcherServlet - Initializing Servlet 'dispatcherServlet'
2025-11-19 20:24:20.086 [RMI TCP Connection(1)-192.168.21.30] INFO  o.s.web.servlet.DispatcherServlet - Completed initialization in 7 ms
2025-11-19 20:24:21.848 [RMI TCP Connection(3)-192.168.21.30] INFO  com.zaxxer.hikari.pool.HikariPool - HikariPool-1 - Added connection com.mysql.cj.jdbc.ConnectionImpl@66f28bb4
2025-11-19 20:24:21.854 [RMI TCP Connection(3)-192.168.21.30] INFO  com.zaxxer.hikari.HikariDataSource - HikariPool-1 - Start completed.
2025-11-19 20:24:26.841 [http-nio-8080-exec-1] INFO  o.example.controller.EmpController - 查询所有员工信息EmpQueryParam(page=1, pageSize=5, name=阮, gender=1, begin=2010-01-01, end=2020-01-01)
2025-11-19 21:32:45.400 [http-nio-8080-exec-4] INFO  o.example.controller.EmpController - 查询所有员工信息EmpQueryParam(page=1, pageSize=10, name=, gender=null, begin=null, end=null)
2025-11-19 21:32:55.756 [http-nio-8080-exec-5] INFO  o.example.controller.EmpController - 查询所有员工信息EmpQueryParam(page=1, pageSize=10, name=马, gender=null, begin=null, end=null)
2025-11-19 21:33:01.593 [http-nio-8080-exec-6] INFO  o.example.controller.EmpController - 查询所有员工信息EmpQueryParam(page=1, pageSize=10, name=王, gender=null, begin=null, end=null)
2025-11-19 21:33:03.413 [http-nio-8080-exec-7] INFO  o.example.controller.EmpController - 查询所有员工信息EmpQueryParam(page=1, pageSize=10, name=王, gender=null, begin=null, end=null)
2025-11-19 21:33:04.131 [http-nio-8080-exec-8] INFO  o.example.controller.EmpController - 查询所有员工信息EmpQueryParam(page=1, pageSize=10, name=王, gender=null, begin=null, end=null)
2025-11-19 21:33:11.074 [http-nio-8080-exec-9] INFO  o.example.controller.EmpController - 查询所有员工信息EmpQueryParam(page=1, pageSize=10, name=, gender=null, begin=null, end=null)
2025-11-19 21:33:18.120 [http-nio-8080-exec-10] INFO  o.example.controller.EmpController - 查询所有员工信息EmpQueryParam(page=1, pageSize=10, name=阮, gender=null, begin=null, end=null)
2025-11-19 21:33:25.173 [http-nio-8080-exec-2] INFO  o.example.controller.EmpController - 查询所有员工信息EmpQueryParam(page=1, pageSize=10, name=阮, gender=1, begin=null, end=null)
2025-11-19 21:33:34.892 [http-nio-8080-exec-1] INFO  o.example.controller.EmpController - 查询所有员工信息EmpQueryParam(page=1, pageSize=10, name=阮, gender=1, begin=2020-11-01, end=2027-12-04)
2025-11-19 21:33:38.136 [http-nio-8080-exec-3] INFO  o.example.controller.EmpController - 查询所有员工信息EmpQueryParam(page=1, pageSize=10, name=, gender=1, begin=2020-11-01, end=2027-12-04)
2025-11-19 21:47:35.458 [http-nio-8080-exec-4] INFO  o.example.controller.EmpController - 查询所有员工信息EmpQueryParam(page=1, pageSize=10, name=二, gender=1, begin=2020-11-01, end=2027-12-04)
2025-11-19 21:47:36.162 [http-nio-8080-exec-5] INFO  o.example.controller.EmpController - 查询所有员工信息EmpQueryParam(page=1, pageSize=10, name=, gender=null, begin=null, end=null)
2025-11-19 21:47:39.320 [http-nio-8080-exec-6] INFO  o.example.controller.EmpController - 查询所有员工信息EmpQueryParam(page=1, pageSize=10, name=二, gender=null, begin=null, end=null)
2025-11-19 21:47:45.256 [http-nio-8080-exec-7] INFO  o.example.controller.EmpController - 查询所有员工信息EmpQueryParam(page=1, pageSize=10, name=二, gender=1, begin=null, end=null)
2025-11-19 21:47:47.885 [http-nio-8080-exec-8] INFO  o.example.controller.EmpController - 查询所有员工信息EmpQueryParam(page=1, pageSize=10, name=二, gender=2, begin=null, end=null)
2025-11-19 21:47:51.410 [http-nio-8080-exec-10] WARN  o.s.w.s.m.s.DefaultHandlerExceptionResolver - Resolved [org.springframework.web.HttpRequestMethodNotSupportedException: Request method 'DELETE' is not supported]
2025-11-19 21:47:55.721 [http-nio-8080-exec-2] INFO  o.example.controller.EmpController - 查询所有员工信息EmpQueryParam(page=1, pageSize=10, name=, gender=null, begin=null, end=null)
2025-11-19 21:47:55.724 [http-nio-8080-exec-1] INFO  o.example.controller.DeptController - 查询全部部门数据
2025-11-19 21:47:59.838 [http-nio-8080-exec-3] INFO  o.example.controller.EmpController - 查询所有员工信息EmpQueryParam(page=1, pageSize=10, name=二, gender=null, begin=null, end=null)
2025-11-19 21:48:07.065 [http-nio-8080-exec-4] WARN  o.s.w.s.m.s.DefaultHandlerExceptionResolver - Resolved [org.springframework.web.HttpRequestMethodNotSupportedException: Request method 'DELETE' is not supported]
2025-11-19 21:48:09.314 [http-nio-8080-exec-5] WARN  o.s.w.s.m.s.DefaultHandlerExceptionResolver - Resolved [org.springframework.web.HttpRequestMethodNotSupportedException: Request method 'DELETE' is not supported]
2025-11-19 21:48:10.911 [http-nio-8080-exec-6] INFO  o.example.controller.EmpController - 查询所有员工信息EmpQueryParam(page=1, pageSize=10, name=二, gender=null, begin=null, end=null)
2025-11-19 21:48:11.924 [http-nio-8080-exec-7] INFO  o.example.controller.EmpController - 查询所有员工信息EmpQueryParam(page=1, pageSize=10, name=二, gender=null, begin=null, end=null)
2025-11-19 21:48:14.864 [http-nio-8080-exec-8] INFO  o.example.controller.EmpController - 查询所有员工信息EmpQueryParam(page=1, pageSize=10, name=二, gender=1, begin=null, end=null)
2025-11-19 21:54:28.738 [SpringApplicationShutdownHook] INFO  o.s.b.w.e.tomcat.GracefulShutdown - Commencing graceful shutdown. Waiting for active requests to complete
2025-11-19 21:54:28.804 [tomcat-shutdown] INFO  o.s.b.w.e.tomcat.GracefulShutdown - Graceful shutdown complete
2025-11-19 21:54:28.848 [SpringApplicationShutdownHook] INFO  com.zaxxer.hikari.HikariDataSource - HikariPool-1 - Shutdown initiated...
2025-11-19 21:54:28.868 [SpringApplicationShutdownHook] INFO  com.zaxxer.hikari.HikariDataSource - HikariPool-1 - Shutdown completed.
2025-11-19 21:54:35.597 [main] INFO  o.e.TliasWebManagementApplication - Starting TliasWebManagementApplication using Java 23.0.2 with PID 22696 (D:\Coding Projects\javaweb\tlias-web-management\target\classes started by 30428 in D:\Coding Projects\javaweb\tlias-web-management)
2025-11-19 21:54:35.600 [main] INFO  o.e.TliasWebManagementApplication - No active profile set, falling back to 1 default profile: "default"
2025-11-19 21:54:37.320 [main] INFO  o.s.b.w.e.tomcat.TomcatWebServer - Tomcat initialized with port 8080 (http)
2025-11-19 21:54:37.338 [main] INFO  o.a.coyote.http11.Http11NioProtocol - Initializing ProtocolHandler ["http-nio-8080"]
2025-11-19 21:54:37.340 [main] INFO  o.a.catalina.core.StandardService - Starting service [Tomcat]
2025-11-19 21:54:37.340 [main] INFO  o.a.catalina.core.StandardEngine - Starting Servlet engine: [Apache Tomcat/10.1.48]
2025-11-19 21:54:37.407 [main] INFO  o.a.c.c.C.[Tomcat].[localhost].[/] - Initializing Spring embedded WebApplicationContext
2025-11-19 21:54:37.407 [main] INFO  o.s.b.w.s.c.ServletWebServerApplicationContext - Root WebApplicationContext: initialization completed in 1726 ms
2025-11-19 21:54:38.359 [main] INFO  o.s.b.a.e.web.EndpointLinksResolver - Exposing 1 endpoint beneath base path '/actuator'
2025-11-19 21:54:38.424 [main] INFO  o.a.coyote.http11.Http11NioProtocol - Starting ProtocolHandler ["http-nio-8080"]
2025-11-19 21:54:38.444 [main] INFO  o.s.b.w.e.tomcat.TomcatWebServer - Tomcat started on port 8080 (http) with context path '/'
2025-11-19 21:54:38.459 [main] INFO  o.e.TliasWebManagementApplication - Started TliasWebManagementApplication in 3.396 seconds (process running for 4.739)
2025-11-19 21:54:39.454 [RMI TCP Connection(3)-192.168.21.30] INFO  o.a.c.c.C.[Tomcat].[localhost].[/] - Initializing Spring DispatcherServlet 'dispatcherServlet'
2025-11-19 21:54:39.455 [RMI TCP Connection(3)-192.168.21.30] INFO  o.s.web.servlet.DispatcherServlet - Initializing Servlet 'dispatcherServlet'
2025-11-19 21:54:39.460 [RMI TCP Connection(3)-192.168.21.30] INFO  o.s.web.servlet.DispatcherServlet - Completed initialization in 5 ms
2025-11-19 21:54:39.588 [RMI TCP Connection(4)-192.168.21.30] INFO  com.zaxxer.hikari.HikariDataSource - HikariPool-1 - Starting...
2025-11-19 21:54:40.826 [RMI TCP Connection(4)-192.168.21.30] INFO  com.zaxxer.hikari.pool.HikariPool - HikariPool-1 - Added connection com.mysql.cj.jdbc.ConnectionImpl@3084e49d
2025-11-19 21:54:40.830 [RMI TCP Connection(4)-192.168.21.30] INFO  com.zaxxer.hikari.HikariDataSource - HikariPool-1 - Start completed.
